TECA (missing_values)
+ srun -N 12 -n 780 teca_metadata_probe --z_axis_variable plev --input_file CMIP6_MOHC_HadGEM3-GC31-HM_highresSST-present_r1i2p1f1_E3hrPt.mcf

A total of 187199 steps available. Using the 360_day calendar. Times are specified
in units of days since 1950-01-01. The available times range from 1950-1-1
3:0:0 (0.125) to 2014-12-30 21:0:0 (23399.9).

Mesh dimension: 3D
Mesh coordinates: lon, lat, plev

7 data arrays available

  Id   Name    Type         Dimensions                Shape                     
-------------------------------------------------------------------------
  1    hus     NC_FLOAT     [time, plev, lat, lon]    [187199, 7, 768, 1024]    
  2    lat     NC_DOUBLE    [lat]                     [768]                     
  3    lon     NC_DOUBLE    [lon]                     [1024]                    
  4    plev    NC_DOUBLE    [plev]                    [7]                       
  5    time    NC_DOUBLE    [time]                    [187199]                  
  6    ua      NC_FLOAT     [time, plev, lat, lon]    [187199, 7, 769, 1024]    
  7    va      NC_FLOAT     [time, plev, lat, lon]    [187199, 7, 769, 1024]    


real	0m16.107s
user	0m0.346s
sys	0m0.302s
